Added Component: Designator=U5(WSON-6_M)
Add component. Clean all parameters for all variants
Add component (AddParameter): Name = "LatestRevisionDate"; Value = "17-Jul-2002"; VariantName = "[No Variations]"
Add component (AddParameter): Name = "LatestRevisionNote"; Value = "Re-released for DXP Platform."; VariantName = "[No Variations]"
Add component (AddParameter): Name = "Publisher"; Value = "Altium Limited"; VariantName = "[No Variations]"
Added Component: Designator=U6(WSON-6_M)
Add component. Clean all parameters for all variants
Add component (AddParameter): Name = "LatestRevisionDate"; Value = "17-Jul-2002"; VariantName = "[No Variations]"
Add component (AddParameter): Name = "LatestRevisionNote"; Value = "Re-released for DXP Platform."; VariantName = "[No Variations]"
Add component (AddParameter): Name = "Publisher"; Value = "Altium Limited"; VariantName = "[No Variations]"
Added Component: Designator=U7(WSON-6_M)
Add component. Clean all parameters for all variants
Add component (AddParameter): Name = "LatestRevisionDate"; Value = "17-Jul-2002"; VariantName = "[No Variations]"
Add component (AddParameter): Name = "LatestRevisionNote"; Value = "Re-released for DXP Platform."; VariantName = "[No Variations]"
Add component (AddParameter): Name = "Publisher"; Value = "Altium Limited"; VariantName = "[No Variations]"
Added Pin To Net: NetName=AGND_REG Pin=U5-1
Added Pin To Net: NetName=AGND_REG Pin=U5-2
Added Pin To Net: NetName=AGND_REG Pin=U5-3
Added Pin To Net: NetName=pink Pin=U5-4
Added Pin To Net: NetName=pink Pin=U5-5
Added Pin To Net: NetName=pink Pin=U5-6
Added Pin To Net: NetName=AGND_REG Pin=U6-1
Added Pin To Net: NetName=AGND_REG Pin=U6-2
Added Pin To Net: NetName=AGND_REG Pin=U6-3
Added Pin To Net: NetName=br_gr Pin=U6-4
Added Pin To Net: NetName=br_gr Pin=U6-5
Added Pin To Net: NetName=br_gr Pin=U6-6
Added Pin To Net: NetName=AGND_REG Pin=U7-1
Added Pin To Net: NetName=AGND_REG Pin=U7-2
Added Pin To Net: NetName=AGND_REG Pin=U7-3
Added Pin To Net: NetName=br_ye Pin=U7-4
Added Pin To Net: NetName=br_ye Pin=U7-5
Added Pin To Net: NetName=br_ye Pin=U7-6
Added Member To Class: ClassName=Hitachi_wind_main Member=Component U5 TVS3300
Added Member To Class: ClassName=Hitachi_wind_main Member=Component U6 TVS3300
Added Member To Class: ClassName=Hitachi_wind_main Member=Component U7 TVS3300
Added Room: Name=Hitachi_wind_main
