Added Component: Designator=U8(WSON-6_M)
Add component. Clean all parameters for all variants
Add component (AddParameter): Name = "LatestRevisionDate"; Value = "17-Jul-2002"; VariantName = "[No Variations]"
Add component (AddParameter): Name = "LatestRevisionNote"; Value = "Re-released for DXP Platform."; VariantName = "[No Variations]"
Add component (AddParameter): Name = "Publisher"; Value = "Altium Limited"; VariantName = "[No Variations]"
Added Component: Designator=U9(WSON-6_M)
Add component. Clean all parameters for all variants
Add component (AddParameter): Name = "LatestRevisionDate"; Value = "17-Jul-2002"; VariantName = "[No Variations]"
Add component (AddParameter): Name = "LatestRevisionNote"; Value = "Re-released for DXP Platform."; VariantName = "[No Variations]"
Add component (AddParameter): Name = "Publisher"; Value = "Altium Limited"; VariantName = "[No Variations]"
Added Pin To Net: NetName=AGND_REG Pin=U8-1
Added Pin To Net: NetName=AGND_REG Pin=U8-2
Added Pin To Net: NetName=AGND_REG Pin=U8-3
Added Pin To Net: NetName=inclin_y Pin=U8-4
Added Pin To Net: NetName=inclin_y Pin=U8-5
Added Pin To Net: NetName=inclin_y Pin=U8-6
Added Pin To Net: NetName=AGND_REG Pin=U9-1
Added Pin To Net: NetName=AGND_REG Pin=U9-2
Added Pin To Net: NetName=AGND_REG Pin=U9-3
Added Pin To Net: NetName=inclin_x Pin=U9-4
Added Pin To Net: NetName=inclin_x Pin=U9-5
Added Pin To Net: NetName=inclin_x Pin=U9-6
Added Member To Class: ClassName=Hitachi_wind_main Member=Component U8 TVS3300
Added Member To Class: ClassName=Hitachi_wind_main Member=Component U9 TVS3300
Added Room: Name=Hitachi_wind_main
